-------------------------------------------------------------------------------
Test set: runners.RunnersTest
-------------------------------------------------------------------------------
Tests run: 1, Failures: 0, Errors: 1, Skipped: 0, Time elapsed: 16.416 sec <<< FAILURE! - in runners.RunnersTest
Criar ocorrencia Secundaria(Login CRM)  Time elapsed: 16.197 sec  <<< ERROR!
utils.exceptions.ValidateException: The document has been closed. You can't add any Elements.
com.itextpdf.text.Document.add(Document.java:267)
utils.evidencia.Evidencia.insertPrint(Evidencia.java:98)
utils.evidencia.Evidencia.addPrintPassed(Evidencia.java:148)
pageobject.CRMPage.ClickBtnEntrar(CRMPage.java:56)
steps.CRMStepsTest.QuandoCLicarEmEntrar(CRMStepsTest.java:29)
sun.reflect.NativeMethodAccessorImpl.invoke0(Native Method)
sun.reflect.NativeMethodAccessorImpl.invoke(NativeMethodAccessorImpl.java:62)
sun.reflect.DelegatingMethodAccessorImpl.invoke(DelegatingMethodAccessorImpl.java:43)
java.lang.reflect.Method.invoke(Method.java:498)
cucumber.runtime.Utils$1.call(Utils.java:26)
cucumber.runtime.Timeout.timeout(Timeout.java:16)
cucumber.runtime.Utils.invoke(Utils.java:20)
cucumber.runtime.java.JavaStepDefinition.execute(JavaStepDefinition.java:48)
cucumber.runtime.PickleStepDefinitionMatch.runStep(PickleStepDefinitionMatch.java:50)
cucumber.runner.TestStep.executeStep(TestStep.java:55)
cucumber.runner.TestStep.run(TestStep.java:42)
cucumber.runner.PickleStepTestStep.run(PickleStepTestStep.java:53)
cucumber.runner.TestCase.run(TestCase.java:47)
cucumber.runner.Runner.runPickle(Runner.java:44)
cucumber.runtime.junit.PickleRunners$NoStepDescriptions.run(PickleRunners.java:140)
cucumber.runtime.junit.FeatureRunner.runChild(FeatureRunner.java:68)
cucumber.runtime.junit.FeatureRunner.runChild(FeatureRunner.java:23)
org.junit.runners.ParentRunner$3.run(ParentRunner.java:290)
org.junit.runners.ParentRunner$1.schedule(ParentRunner.java:71)
org.junit.runners.ParentRunner.runChildren(ParentRunner.java:288)
org.junit.runners.ParentRunner.access$000(ParentRunner.java:58)
org.junit.runners.ParentRunner$2.evaluate(ParentRunner.java:268)
org.junit.runners.ParentRunner.run(ParentRunner.java:363)
cucumber.runtime.junit.FeatureRunner.run(FeatureRunner.java:73)
cucumber.api.junit.Cucumber.runChild(Cucumber.java:98)
cucumber.api.junit.Cucumber.runChild(Cucumber.java:55)
org.junit.runners.ParentRunner$3.run(ParentRunner.java:290)
org.junit.runners.ParentRunner$1.schedule(ParentRunner.java:71)
org.junit.runners.ParentRunner.runChildren(ParentRunner.java:288)
org.junit.runners.ParentRunner.access$000(ParentRunner.java:58)
org.junit.runners.ParentRunner$2.evaluate(ParentRunner.java:268)
cucumber.api.junit.Cucumber$1.evaluate(Cucumber.java:107)
org.junit.runners.ParentRunner.run(ParentRunner.java:363)
org.apache.maven.surefire.junit4.JUnit4Provider.execute(JUnit4Provider.java:283)
org.apache.maven.surefire.junit4.JUnit4Provider.executeWithRerun(JUnit4Provider.java:173)
org.apache.maven.surefire.junit4.JUnit4Provider.executeTestSet(JUnit4Provider.java:153)
org.apache.maven.surefire.junit4.JUnit4Provider.invoke(JUnit4Provider.java:128)
org.apache.maven.surefire.booter.ForkedBooter.invokeProviderInSameClassLoader(ForkedBooter.java:203)
org.apache.maven.surefire.booter.ForkedBooter.runSuitesInProcess(ForkedBooter.java:155)
org.apache.maven.surefire.booter.ForkedBooter.main(ForkedBooter.java:103)

	at utils.exceptions.ExceptionUtils.throwException(ExceptionUtils.java:19)
	at utils.evidencia.Evidencia.insertPrint(Evidencia.java:100)
	at utils.evidencia.Evidencia.addPrintPassed(Evidencia.java:148)
	at pageobject.CRMPage.ClickBtnEntrar(CRMPage.java:56)
	at steps.CRMStepsTest.QuandoCLicarEmEntrar(CRMStepsTest.java:29)
	at ?.clicar em entrar(features/feature/CRM.feature:12)

